<?xml version="1.0" encoding="UTF-8"?>
<!-- Generated by org.testng.reporters.JUnitReportReporter -->
<testsuite skipped="0" hostname="AIMIN01791.local" name="applitools.testrunner.RunCukesTest" tests="2" failures="0" timestamp="29 Nov 2019 16:43:41 GMT" time="110.151" errors="0">
  <testcase name="feature" time="0.301" classname="applitools.testrunner.RunCukesTest"/>
  <testcase name="feature" time="109.850" classname="applitools.testrunner.RunCukesTest"/>
</testsuite> <!-- applitools.testrunner.RunCukesTest -->
